
                                 Formality (R)

                Version O-2018.06-SP5 for linux64 - Jan 17, 2019

                    Copyright (c) 1988 - 2019 Synopsys, Inc.
   This software and the associated documentation are proprietary to Synopsys,
 Inc. This software may only be used in accordance with the terms and conditions
 of a written license agreement with Synopsys, Inc. All other use, reproduction,
            or distribution of this software is strictly prohibited.

  ** Highlights of Formality (R) Version O-2018.06 **
   - Improved default solver strategy for reducing inconclusive verifications
   - Automatic analysis to detect UPF issues before verification
   - Enhanced UPF features for consistency with the Synopsys low power flow
   - Improved GUI report display and filtering

   * Please refer to the Formality Release Notes for details and additional enhancements

Build: 5400919
Hostname: 2023-vlsi-81
Current time: Mon May 15 13:03:21 2023

Loading db file '/home/tools/synopsys/fm/fm/O-2018.06-SP5/libraries/syn/gtech.db'
fm_shell (setup)> source fm
fm.log                fm.tcl                fm_shell.tcl          fm_shell_command.lck  fm_shell_command.log  fm_shell_command1.lck fm_shell_command1.log 
fm_shell (setup)> source fm.
fm.log fm.tcl 
fm_shell (setup)> source fm.tcl 
SVF appended with '../dc_workspace/dc_output/MulAdd_top_pre.svf'.
Loading verilog file '/home/user001/Desktop/FinalProject/design/shift_buffer.sv'
Loading verilog file '/home/user001/Desktop/FinalProject/design/process_element.sv'
Loading verilog file '/home/user001/Desktop/FinalProject/design/pe_top.sv'
Loading verilog file '/home/user001/Desktop/FinalProject/design/pa_top.sv'
Loading verilog file '/home/user001/Desktop/FinalProject/design/MulAdd_top.sv'
Loading verilog file '/home/user001/Desktop/FinalProject/design/fixedpoint_multiplier.sv'
Loading verilog file '/home/user001/Desktop/FinalProject/design/fixedpoint_formatter.sv'
Loading verilog file '/home/user001/Desktop/FinalProject/design/fixedpoint_adder.sv'
Loading verilog file '/home/user001/Desktop/FinalProject/design/counter.sv'
Loading verilog file '/home/user001/Desktop/FinalProject/design/clk_syncer.sv'
Loading verilog file '/home/user001/Desktop/FinalProject/design/accelerator_FSM.sv'
Current container set to 'r'
Loading db file '/data/PDK/synopsys/ih55lp_hs_rvt_tt_1p20_25c_basic.db'
Setting top design to 'r:/WORK/MulAdd_top'
Status:   Elaborating design MulAdd_top   ...  
Status:   Elaborating design shift_buffer   ...  
Status:   Elaborating design clk_syncer   ...  
Status:   Elaborating design pa_top  WIDTH_LBIT_CNT=6, WIDTH_HBIT_CNT=3, SIZE_MAT=16, WIDTH_DATA=16, WIDTH_MDATA=32 ...  
Information: Created design named 'pa_top_WIDTH_LBIT_CNT6_WIDTH_HBIT_CNT3_SIZE_MAT16_WIDTH_DATA16_WIDTH_MDATA32'. (FE-LINK-13)
Status:   Elaborating design counter  WIDTH_CNT=6 ...  
Information: Created design named 'counter_WIDTH_CNT6'. (FE-LINK-13)
Status:   Elaborating design counter  WIDTH_CNT=3 ...  
Information: Created design named 'counter_WIDTH_CNT3'. (FE-LINK-13)
Status:   Elaborating design accelerator_FSM  WIDTH_LBIT_CNT=6, WIDTH_HBIT_CNT=3 ...  
Information: Created design named 'accelerator_FSM_WIDTH_LBIT_CNT6_WIDTH_HBIT_CNT3'. (FE-LINK-13)
Status:   Elaborating design pe_top  WIDTH_DATA=16, WIDTH_MDATA=32 ...  
Information: Created design named 'pe_top_WIDTH_DATA16_WIDTH_MDATA32'. (FE-LINK-13)
Status:   Elaborating design process_element  WIDTH_DATA=16, WIDTH_MDATA=32 ...  
Information: Created design named 'process_element_WIDTH_DATA16_WIDTH_MDATA32'. (FE-LINK-13)
Status:   Elaborating design fixedpoint_multiplier  WIDTH_INPUT=16, WIDTH_OUTPUT=32 ...  
Information: Created design named 'fixedpoint_multiplier_WIDTH_INPUT16_WIDTH_OUTPUT32'. (FE-LINK-13)
Status:   Elaborating design fixedpoint_adder  WIDTH_INPUT=32, WIDTH_OUTPUT=32 ...  
Information: Created design named 'fixedpoint_adder_WIDTH_INPUT32_WIDTH_OUTPUT32'. (FE-LINK-13)
Status:   Elaborating design fixedpoint_formatter  WIDTH_INPUT=32, WIDTH_OUTPUT=16, WIDTH_INTEGER=6, WIDTH_FRACTION=9 ...  
Information: Created design named 'fixedpoint_formatter_WIDTH_INPUT32_WIDTH_OUTPUT16_WIDTH_INTEGER6_WIDTH_FRACTION9'. (FE-LINK-13)
Status:  Implementing inferred operators...

************ Library Checking Summary ************
Warning:  2 unlinked power cell(s) with no power down functions on outputs.
Warning:  203 unlinked power cell(s) with no power down function on an ff or latch.
        Use 'report_libraries -defects all' for more details.
**************************************************

Top design successfully set to 'r:/WORK/MulAdd_top'
Reference design set to 'r:/WORK/MulAdd_top'
Loading verilog file '/home/user001/Desktop/FinalProject/dc_workspace/dc_output/MulAdd_top_pre.v'
Current container set to 'i'
Loading db file '/data/PDK/synopsys/ih55lp_hs_rvt_tt_1p20_25c_basic.db'
Loading new version of design 'HSR_SDRSN_0' into shared technology library 'IH55LP_HS_RVT_TT_1P20_25C_BASIC'
Loading new version of design 'HSR_SDRSN_1' into shared technology library 'IH55LP_HS_RVT_TT_1P20_25C_BASIC'
Loading new version of design 'HSR_SDRSN_2' into shared technology library 'IH55LP_HS_RVT_TT_1P20_25C_BASIC'
Loading new version of design 'HSR_SDRSN_4' into shared technology library 'IH55LP_HS_RVT_TT_1P20_25C_BASIC'
Loading new version of design 'HSR_SDRSN_8' into shared technology library 'IH55LP_HS_RVT_TT_1P20_25C_BASIC'
Loading new version of design 'HSR_SDX_0' into shared technology library 'IH55LP_HS_RVT_TT_1P20_25C_BASIC'
Loading new version of design 'HSR_SDX_1' into shared technology library 'IH55LP_HS_RVT_TT_1P20_25C_BASIC'
Loading new version of design 'HSR_SDX_2' into shared technology library 'IH55LP_HS_RVT_TT_1P20_25C_BASIC'
Loading new version of design 'HSR_SDX_4' into shared technology library 'IH55LP_HS_RVT_TT_1P20_25C_BASIC'
Loading new version of design 'HSR_SDX_8' into shared technology library 'IH55LP_HS_RVT_TT_1P20_25C_BASIC'
Loading new version of design 'HSR_SNDRSN_0' into shared technology library 'IH55LP_HS_RVT_TT_1P20_25C_BASIC'
Loading new version of design 'HSR_SNDRSN_1' into shared technology library 'IH55LP_HS_RVT_TT_1P20_25C_BASIC'
Loading new version of design 'HSR_SNDRSN_2' into shared technology library 'IH55LP_HS_RVT_TT_1P20_25C_BASIC'
Loading new version of design 'HSR_SNDRSN_4' into shared technology library 'IH55LP_HS_RVT_TT_1P20_25C_BASIC'
Loading new version of design 'HSR_SNDRSN_8' into shared technology library 'IH55LP_HS_RVT_TT_1P20_25C_BASIC'
Loading new version of design 'HSR_SNDX_0' into shared technology library 'IH55LP_HS_RVT_TT_1P20_25C_BASIC'
Loading new version of design 'HSR_SNDX_1' into shared technology library 'IH55LP_HS_RVT_TT_1P20_25C_BASIC'
Loading new version of design 'HSR_SNDX_2' into shared technology library 'IH55LP_HS_RVT_TT_1P20_25C_BASIC'
Loading new version of design 'HSR_SNDX_4' into shared technology library 'IH55LP_HS_RVT_TT_1P20_25C_BASIC'
Loading new version of design 'HSR_SNDX_8' into shared technology library 'IH55LP_HS_RVT_TT_1P20_25C_BASIC'
Loading new version of design 'HSR_SDRN_0' into shared technology library 'IH55LP_HS_RVT_TT_1P20_25C_BASIC'
Loading new version of design 'HSR_SDRN_1' into shared technology library 'IH55LP_HS_RVT_TT_1P20_25C_BASIC'
Loading new version of design 'HSR_SDRN_2' into shared technology library 'IH55LP_HS_RVT_TT_1P20_25C_BASIC'
Loading new version of design 'HSR_SDRN_4' into shared technology library 'IH55LP_HS_RVT_TT_1P20_25C_BASIC'
Loading new version of design 'HSR_SDRN_8' into shared technology library 'IH55LP_HS_RVT_TT_1P20_25C_BASIC'
Loading new version of design 'HSR_SDSN_0' into shared technology library 'IH55LP_HS_RVT_TT_1P20_25C_BASIC'
Loading new version of design 'HSR_SDSN_1' into shared technology library 'IH55LP_HS_RVT_TT_1P20_25C_BASIC'
Loading new version of design 'HSR_SDSN_2' into shared technology library 'IH55LP_HS_RVT_TT_1P20_25C_BASIC'
Loading new version of design 'HSR_SDSN_4' into shared technology library 'IH55LP_HS_RVT_TT_1P20_25C_BASIC'
Loading new version of design 'HSR_SDSN_8' into shared technology library 'IH55LP_HS_RVT_TT_1P20_25C_BASIC'
Loading new version of design 'HSR_SNDRN_0' into shared technology library 'IH55LP_HS_RVT_TT_1P20_25C_BASIC'
Loading new version of design 'HSR_SNDRN_1' into shared technology library 'IH55LP_HS_RVT_TT_1P20_25C_BASIC'
Loading new version of design 'HSR_SNDRN_2' into shared technology library 'IH55LP_HS_RVT_TT_1P20_25C_BASIC'
Loading new version of design 'HSR_SNDRN_4' into shared technology library 'IH55LP_HS_RVT_TT_1P20_25C_BASIC'
Loading new version of design 'HSR_SNDRN_8' into shared technology library 'IH55LP_HS_RVT_TT_1P20_25C_BASIC'
Loading new version of design 'HSR_SNDSN_0' into shared technology library 'IH55LP_HS_RVT_TT_1P20_25C_BASIC'
Loading new version of design 'HSR_SNDSN_1' into shared technology library 'IH55LP_HS_RVT_TT_1P20_25C_BASIC'
Loading new version of design 'HSR_SNDSN_2' into shared technology library 'IH55LP_HS_RVT_TT_1P20_25C_BASIC'
Loading new version of design 'HSR_SNDSN_4' into shared technology library 'IH55LP_HS_RVT_TT_1P20_25C_BASIC'
Loading new version of design 'HSR_SNDSN_8' into shared technology library 'IH55LP_HS_RVT_TT_1P20_25C_BASIC'
Loading new version of design 'HSR_DRSN_0' into shared technology library 'IH55LP_HS_RVT_TT_1P20_25C_BASIC'
Loading new version of design 'HSR_DRSN_1' into shared technology library 'IH55LP_HS_RVT_TT_1P20_25C_BASIC'
Loading new version of design 'HSR_DRSN_2' into shared technology library 'IH55LP_HS_RVT_TT_1P20_25C_BASIC'
Loading new version of design 'HSR_DRSN_4' into shared technology library 'IH55LP_HS_RVT_TT_1P20_25C_BASIC'
Loading new version of design 'HSR_DRSN_8' into shared technology library 'IH55LP_HS_RVT_TT_1P20_25C_BASIC'
Loading new version of design 'HSR_DX_0' into shared technology library 'IH55LP_HS_RVT_TT_1P20_25C_BASIC'
Loading new version of design 'HSR_DX_1' into shared technology library 'IH55LP_HS_RVT_TT_1P20_25C_BASIC'
Loading new version of design 'HSR_DX_2' into shared technology library 'IH55LP_HS_RVT_TT_1P20_25C_BASIC'
Loading new version of design 'HSR_DX_4' into shared technology library 'IH55LP_HS_RVT_TT_1P20_25C_BASIC'
Loading new version of design 'HSR_DX_8' into shared technology library 'IH55LP_HS_RVT_TT_1P20_25C_BASIC'
Loading new version of design 'HSR_LAHRSN_0' into shared technology library 'IH55LP_HS_RVT_TT_1P20_25C_BASIC'
Loading new version of design 'HSR_LAHRSN_1' into shared technology library 'IH55LP_HS_RVT_TT_1P20_25C_BASIC'
Loading new version of design 'HSR_LAHRSN_2' into shared technology library 'IH55LP_HS_RVT_TT_1P20_25C_BASIC'
Loading new version of design 'HSR_LAHRSN_4' into shared technology library 'IH55LP_HS_RVT_TT_1P20_25C_BASIC'
Loading new version of design 'HSR_LAHRSN_8' into shared technology library 'IH55LP_HS_RVT_TT_1P20_25C_BASIC'
Loading new version of design 'HSR_LALRSN_0' into shared technology library 'IH55LP_HS_RVT_TT_1P20_25C_BASIC'
Loading new version of design 'HSR_LALRSN_1' into shared technology library 'IH55LP_HS_RVT_TT_1P20_25C_BASIC'
Loading new version of design 'HSR_LALRSN_2' into shared technology library 'IH55LP_HS_RVT_TT_1P20_25C_BASIC'
Loading new version of design 'HSR_LALRSN_4' into shared technology library 'IH55LP_HS_RVT_TT_1P20_25C_BASIC'
Loading new version of design 'HSR_LALRSN_8' into shared technology library 'IH55LP_HS_RVT_TT_1P20_25C_BASIC'
Loading new version of design 'HSR_NDRSN_0' into shared technology library 'IH55LP_HS_RVT_TT_1P20_25C_BASIC'
Loading new version of design 'HSR_NDRSN_1' into shared technology library 'IH55LP_HS_RVT_TT_1P20_25C_BASIC'
Loading new version of design 'HSR_NDRSN_2' into shared technology library 'IH55LP_HS_RVT_TT_1P20_25C_BASIC'
Loading new version of design 'HSR_NDRSN_4' into shared technology library 'IH55LP_HS_RVT_TT_1P20_25C_BASIC'
Loading new version of design 'HSR_NDRSN_8' into shared technology library 'IH55LP_HS_RVT_TT_1P20_25C_BASIC'
Loading new version of design 'HSR_SDRNQ_0' into shared technology library 'IH55LP_HS_RVT_TT_1P20_25C_BASIC'
Loading new version of design 'HSR_SDRNQ_1' into shared technology library 'IH55LP_HS_RVT_TT_1P20_25C_BASIC'
Loading new version of design 'HSR_SDRNQ_2' into shared technology library 'IH55LP_HS_RVT_TT_1P20_25C_BASIC'
Loading new version of design 'HSR_SDRNQ_4' into shared technology library 'IH55LP_HS_RVT_TT_1P20_25C_BASIC'
Loading new version of design 'HSR_SDRNQ_8' into shared technology library 'IH55LP_HS_RVT_TT_1P20_25C_BASIC'
Loading new version of design 'HSR_SD_0' into shared technology library 'IH55LP_HS_RVT_TT_1P20_25C_BASIC'
Loading new version of design 'HSR_SD_1' into shared technology library 'IH55LP_HS_RVT_TT_1P20_25C_BASIC'
Loading new version of design 'HSR_SD_2' into shared technology library 'IH55LP_HS_RVT_TT_1P20_25C_BASIC'
Loading new version of design 'HSR_SD_4' into shared technology library 'IH55LP_HS_RVT_TT_1P20_25C_BASIC'
Loading new version of design 'HSR_SD_8' into shared technology library 'IH55LP_HS_RVT_TT_1P20_25C_BASIC'
Loading new version of design 'HSR_SNDRNQ_0' into shared technology library 'IH55LP_HS_RVT_TT_1P20_25C_BASIC'
Loading new version of design 'HSR_SNDRNQ_1' into shared technology library 'IH55LP_HS_RVT_TT_1P20_25C_BASIC'
Loading new version of design 'HSR_SNDRNQ_2' into shared technology library 'IH55LP_HS_RVT_TT_1P20_25C_BASIC'
Loading new version of design 'HSR_SNDRNQ_4' into shared technology library 'IH55LP_HS_RVT_TT_1P20_25C_BASIC'
Loading new version of design 'HSR_SNDRNQ_8' into shared technology library 'IH55LP_HS_RVT_TT_1P20_25C_BASIC'
Loading new version of design 'HSR_SND_0' into shared technology library 'IH55LP_HS_RVT_TT_1P20_25C_BASIC'
Loading new version of design 'HSR_SND_1' into shared technology library 'IH55LP_HS_RVT_TT_1P20_25C_BASIC'
Loading new version of design 'HSR_SND_2' into shared technology library 'IH55LP_HS_RVT_TT_1P20_25C_BASIC'
Loading new version of design 'HSR_SND_4' into shared technology library 'IH55LP_HS_RVT_TT_1P20_25C_BASIC'
Loading new version of design 'HSR_SND_8' into shared technology library 'IH55LP_HS_RVT_TT_1P20_25C_BASIC'
Loading new version of design 'HSR_DRN_0' into shared technology library 'IH55LP_HS_RVT_TT_1P20_25C_BASIC'
Loading new version of design 'HSR_DRN_1' into shared technology library 'IH55LP_HS_RVT_TT_1P20_25C_BASIC'
Loading new version of design 'HSR_DRN_2' into shared technology library 'IH55LP_HS_RVT_TT_1P20_25C_BASIC'
Loading new version of design 'HSR_DRN_4' into shared technology library 'IH55LP_HS_RVT_TT_1P20_25C_BASIC'
Loading new version of design 'HSR_DRN_8' into shared technology library 'IH55LP_HS_RVT_TT_1P20_25C_BASIC'
Loading new version of design 'HSR_DSN_0' into shared technology library 'IH55LP_HS_RVT_TT_1P20_25C_BASIC'
Loading new version of design 'HSR_DSN_1' into shared technology library 'IH55LP_HS_RVT_TT_1P20_25C_BASIC'
Loading new version of design 'HSR_DSN_2' into shared technology library 'IH55LP_HS_RVT_TT_1P20_25C_BASIC'
Loading new version of design 'HSR_DSN_4' into shared technology library 'IH55LP_HS_RVT_TT_1P20_25C_BASIC'
Loading new version of design 'HSR_DSN_8' into shared technology library 'IH55LP_HS_RVT_TT_1P20_25C_BASIC'
Loading new version of design 'HSR_LAHRN_0' into shared technology library 'IH55LP_HS_RVT_TT_1P20_25C_BASIC'
Loading new version of design 'HSR_LAHRN_1' into shared technology library 'IH55LP_HS_RVT_TT_1P20_25C_BASIC'
Loading new version of design 'HSR_LAHRN_2' into shared technology library 'IH55LP_HS_RVT_TT_1P20_25C_BASIC'
Loading new version of design 'HSR_LAHRN_4' into shared technology library 'IH55LP_HS_RVT_TT_1P20_25C_BASIC'
Loading new version of design 'HSR_LAHRN_8' into shared technology library 'IH55LP_HS_RVT_TT_1P20_25C_BASIC'
Loading new version of design 'HSR_LAHSN_0' into shared technology library 'IH55LP_HS_RVT_TT_1P20_25C_BASIC'
Loading new version of design 'HSR_LAHSN_1' into shared technology library 'IH55LP_HS_RVT_TT_1P20_25C_BASIC'
Loading new version of design 'HSR_LAHSN_2' into shared technology library 'IH55LP_HS_RVT_TT_1P20_25C_BASIC'
Loading new version of design 'HSR_LAHSN_4' into shared technology library 'IH55LP_HS_RVT_TT_1P20_25C_BASIC'
Loading new version of design 'HSR_LAHSN_8' into shared technology library 'IH55LP_HS_RVT_TT_1P20_25C_BASIC'
Loading new version of design 'HSR_LALRN_0' into shared technology library 'IH55LP_HS_RVT_TT_1P20_25C_BASIC'
Loading new version of design 'HSR_LALRN_1' into shared technology library 'IH55LP_HS_RVT_TT_1P20_25C_BASIC'
Loading new version of design 'HSR_LALRN_2' into shared technology library 'IH55LP_HS_RVT_TT_1P20_25C_BASIC'
Loading new version of design 'HSR_LALRN_4' into shared technology library 'IH55LP_HS_RVT_TT_1P20_25C_BASIC'
Loading new version of design 'HSR_LALRN_8' into shared technology library 'IH55LP_HS_RVT_TT_1P20_25C_BASIC'
Loading new version of design 'HSR_LALSN_0' into shared technology library 'IH55LP_HS_RVT_TT_1P20_25C_BASIC'
Loading new version of design 'HSR_LALSN_1' into shared technology library 'IH55LP_HS_RVT_TT_1P20_25C_BASIC'
Loading new version of design 'HSR_LALSN_2' into shared technology library 'IH55LP_HS_RVT_TT_1P20_25C_BASIC'
Loading new version of design 'HSR_LALSN_4' into shared technology library 'IH55LP_HS_RVT_TT_1P20_25C_BASIC'
Loading new version of design 'HSR_LALSN_8' into shared technology library 'IH55LP_HS_RVT_TT_1P20_25C_BASIC'
Loading new version of design 'HSR_NDRN_0' into shared technology library 'IH55LP_HS_RVT_TT_1P20_25C_BASIC'
Loading new version of design 'HSR_NDRN_1' into shared technology library 'IH55LP_HS_RVT_TT_1P20_25C_BASIC'
Loading new version of design 'HSR_NDRN_2' into shared technology library 'IH55LP_HS_RVT_TT_1P20_25C_BASIC'
Loading new version of design 'HSR_NDRN_4' into shared technology library 'IH55LP_HS_RVT_TT_1P20_25C_BASIC'
Loading new version of design 'HSR_NDRN_8' into shared technology library 'IH55LP_HS_RVT_TT_1P20_25C_BASIC'
Loading new version of design 'HSR_NDSN_0' into shared technology library 'IH55LP_HS_RVT_TT_1P20_25C_BASIC'
Loading new version of design 'HSR_NDSN_1' into shared technology library 'IH55LP_HS_RVT_TT_1P20_25C_BASIC'
Loading new version of design 'HSR_NDSN_2' into shared technology library 'IH55LP_HS_RVT_TT_1P20_25C_BASIC'
Loading new version of design 'HSR_NDSN_4' into shared technology library 'IH55LP_HS_RVT_TT_1P20_25C_BASIC'
Loading new version of design 'HSR_NDSN_8' into shared technology library 'IH55LP_HS_RVT_TT_1P20_25C_BASIC'
Loading new version of design 'HSR_SDQ_0' into shared technology library 'IH55LP_HS_RVT_TT_1P20_25C_BASIC'
Loading new version of design 'HSR_SDQ_1' into shared technology library 'IH55LP_HS_RVT_TT_1P20_25C_BASIC'
Loading new version of design 'HSR_SDQ_2' into shared technology library 'IH55LP_HS_RVT_TT_1P20_25C_BASIC'
Loading new version of design 'HSR_SDQ_4' into shared technology library 'IH55LP_HS_RVT_TT_1P20_25C_BASIC'
Loading new version of design 'HSR_SDQ_8' into shared technology library 'IH55LP_HS_RVT_TT_1P20_25C_BASIC'
Loading new version of design 'HSR_SNDQ_0' into shared technology library 'IH55LP_HS_RVT_TT_1P20_25C_BASIC'
Loading new version of design 'HSR_SNDQ_1' into shared technology library 'IH55LP_HS_RVT_TT_1P20_25C_BASIC'
Loading new version of design 'HSR_SNDQ_2' into shared technology library 'IH55LP_HS_RVT_TT_1P20_25C_BASIC'
Loading new version of design 'HSR_SNDQ_4' into shared technology library 'IH55LP_HS_RVT_TT_1P20_25C_BASIC'
Loading new version of design 'HSR_SNDQ_8' into shared technology library 'IH55LP_HS_RVT_TT_1P20_25C_BASIC'
Loading new version of design 'HSR_DRNQ_0' into shared technology library 'IH55LP_HS_RVT_TT_1P20_25C_BASIC'
Loading new version of design 'HSR_DRNQ_1' into shared technology library 'IH55LP_HS_RVT_TT_1P20_25C_BASIC'
Loading new version of design 'HSR_DRNQ_2' into shared technology library 'IH55LP_HS_RVT_TT_1P20_25C_BASIC'
Loading new version of design 'HSR_DRNQ_4' into shared technology library 'IH55LP_HS_RVT_TT_1P20_25C_BASIC'
Loading new version of design 'HSR_DRNQ_8' into shared technology library 'IH55LP_HS_RVT_TT_1P20_25C_BASIC'
Loading new version of design 'HSR_D_0' into shared technology library 'IH55LP_HS_RVT_TT_1P20_25C_BASIC'
Loading new version of design 'HSR_D_1' into shared technology library 'IH55LP_HS_RVT_TT_1P20_25C_BASIC'
Loading new version of design 'HSR_D_2' into shared technology library 'IH55LP_HS_RVT_TT_1P20_25C_BASIC'
Loading new version of design 'HSR_D_4' into shared technology library 'IH55LP_HS_RVT_TT_1P20_25C_BASIC'
Loading new version of design 'HSR_D_8' into shared technology library 'IH55LP_HS_RVT_TT_1P20_25C_BASIC'
Loading new version of design 'HSR_LAH_0' into shared technology library 'IH55LP_HS_RVT_TT_1P20_25C_BASIC'
Loading new version of design 'HSR_LAH_1' into shared technology library 'IH55LP_HS_RVT_TT_1P20_25C_BASIC'
Loading new version of design 'HSR_LAH_2' into shared technology library 'IH55LP_HS_RVT_TT_1P20_25C_BASIC'
Loading new version of design 'HSR_LAH_4' into shared technology library 'IH55LP_HS_RVT_TT_1P20_25C_BASIC'
Loading new version of design 'HSR_LAH_8' into shared technology library 'IH55LP_HS_RVT_TT_1P20_25C_BASIC'
Loading new version of design 'HSR_LAL_0' into shared technology library 'IH55LP_HS_RVT_TT_1P20_25C_BASIC'
Loading new version of design 'HSR_LAL_1' into shared technology library 'IH55LP_HS_RVT_TT_1P20_25C_BASIC'
Loading new version of design 'HSR_LAL_2' into shared technology library 'IH55LP_HS_RVT_TT_1P20_25C_BASIC'
Loading new version of design 'HSR_LAL_4' into shared technology library 'IH55LP_HS_RVT_TT_1P20_25C_BASIC'
Loading new version of design 'HSR_LAL_8' into shared technology library 'IH55LP_HS_RVT_TT_1P20_25C_BASIC'
Loading new version of design 'HSR_NDRNQ_0' into shared technology library 'IH55LP_HS_RVT_TT_1P20_25C_BASIC'
Loading new version of design 'HSR_NDRNQ_1' into shared technology library 'IH55LP_HS_RVT_TT_1P20_25C_BASIC'
Loading new version of design 'HSR_NDRNQ_2' into shared technology library 'IH55LP_HS_RVT_TT_1P20_25C_BASIC'
Loading new version of design 'HSR_NDRNQ_4' into shared technology library 'IH55LP_HS_RVT_TT_1P20_25C_BASIC'
Loading new version of design 'HSR_NDRNQ_8' into shared technology library 'IH55LP_HS_RVT_TT_1P20_25C_BASIC'
Loading new version of design 'HSR_ND_0' into shared technology library 'IH55LP_HS_RVT_TT_1P20_25C_BASIC'
Loading new version of design 'HSR_ND_1' into shared technology library 'IH55LP_HS_RVT_TT_1P20_25C_BASIC'
Loading new version of design 'HSR_ND_2' into shared technology library 'IH55LP_HS_RVT_TT_1P20_25C_BASIC'
Loading new version of design 'HSR_ND_4' into shared technology library 'IH55LP_HS_RVT_TT_1P20_25C_BASIC'
Loading new version of design 'HSR_ND_8' into shared technology library 'IH55LP_HS_RVT_TT_1P20_25C_BASIC'
Loading new version of design 'HSR_NTCLKGL_0' into shared technology library 'IH55LP_HS_RVT_TT_1P20_25C_BASIC'
Loading new version of design 'HSR_NTCLKGL_1' into shared technology library 'IH55LP_HS_RVT_TT_1P20_25C_BASIC'
Loading new version of design 'HSR_NTCLKGL_2' into shared technology library 'IH55LP_HS_RVT_TT_1P20_25C_BASIC'
Loading new version of design 'HSR_NTCLKGL_3' into shared technology library 'IH55LP_HS_RVT_TT_1P20_25C_BASIC'
Loading new version of design 'HSR_NTCLKGL_4' into shared technology library 'IH55LP_HS_RVT_TT_1P20_25C_BASIC'
Loading new version of design 'HSR_NTCLKGL_6' into shared technology library 'IH55LP_HS_RVT_TT_1P20_25C_BASIC'
Loading new version of design 'HSR_NTCLKGL_8' into shared technology library 'IH55LP_HS_RVT_TT_1P20_25C_BASIC'
Loading new version of design 'HSR_PTCLKGL_0' into shared technology library 'IH55LP_HS_RVT_TT_1P20_25C_BASIC'
Loading new version of design 'HSR_PTCLKGL_1' into shared technology library 'IH55LP_HS_RVT_TT_1P20_25C_BASIC'
Loading new version of design 'HSR_PTCLKGL_2' into shared technology library 'IH55LP_HS_RVT_TT_1P20_25C_BASIC'
Loading new version of design 'HSR_PTCLKGL_3' into shared technology library 'IH55LP_HS_RVT_TT_1P20_25C_BASIC'
Loading new version of design 'HSR_PTCLKGL_4' into shared technology library 'IH55LP_HS_RVT_TT_1P20_25C_BASIC'
Loading new version of design 'HSR_PTCLKGL_6' into shared technology library 'IH55LP_HS_RVT_TT_1P20_25C_BASIC'
Loading new version of design 'HSR_PTCLKGL_8' into shared technology library 'IH55LP_HS_RVT_TT_1P20_25C_BASIC'
Loading new version of design 'HSR_DQ_0' into shared technology library 'IH55LP_HS_RVT_TT_1P20_25C_BASIC'
Loading new version of design 'HSR_DQ_1' into shared technology library 'IH55LP_HS_RVT_TT_1P20_25C_BASIC'
Loading new version of design 'HSR_DQ_2' into shared technology library 'IH55LP_HS_RVT_TT_1P20_25C_BASIC'
Loading new version of design 'HSR_DQ_4' into shared technology library 'IH55LP_HS_RVT_TT_1P20_25C_BASIC'
Loading new version of design 'HSR_DQ_8' into shared technology library 'IH55LP_HS_RVT_TT_1P20_25C_BASIC'
Loading new version of design 'HSR_NCLKGL_0' into shared technology library 'IH55LP_HS_RVT_TT_1P20_25C_BASIC'
Loading new version of design 'HSR_NCLKGL_1' into shared technology library 'IH55LP_HS_RVT_TT_1P20_25C_BASIC'
Loading new version of design 'HSR_NCLKGL_2' into shared technology library 'IH55LP_HS_RVT_TT_1P20_25C_BASIC'
Loading new version of design 'HSR_NCLKGL_3' into shared technology library 'IH55LP_HS_RVT_TT_1P20_25C_BASIC'
Loading new version of design 'HSR_NCLKGL_4' into shared technology library 'IH55LP_HS_RVT_TT_1P20_25C_BASIC'
Loading new version of design 'HSR_NCLKGL_6' into shared technology library 'IH55LP_HS_RVT_TT_1P20_25C_BASIC'
Loading new version of design 'HSR_NCLKGL_8' into shared technology library 'IH55LP_HS_RVT_TT_1P20_25C_BASIC'
Loading new version of design 'HSR_NDQ_0' into shared technology library 'IH55LP_HS_RVT_TT_1P20_25C_BASIC'
Loading new version of design 'HSR_NDQ_1' into shared technology library 'IH55LP_HS_RVT_TT_1P20_25C_BASIC'
Loading new version of design 'HSR_NDQ_2' into shared technology library 'IH55LP_HS_RVT_TT_1P20_25C_BASIC'
Loading new version of design 'HSR_NDQ_4' into shared technology library 'IH55LP_HS_RVT_TT_1P20_25C_BASIC'
Loading new version of design 'HSR_NDQ_8' into shared technology library 'IH55LP_HS_RVT_TT_1P20_25C_BASIC'
Loading new version of design 'HSR_PCLKGL_0' into shared technology library 'IH55LP_HS_RVT_TT_1P20_25C_BASIC'
Loading new version of design 'HSR_PCLKGL_1' into shared technology library 'IH55LP_HS_RVT_TT_1P20_25C_BASIC'
Loading new version of design 'HSR_PCLKGL_2' into shared technology library 'IH55LP_HS_RVT_TT_1P20_25C_BASIC'
Loading new version of design 'HSR_PCLKGL_3' into shared technology library 'IH55LP_HS_RVT_TT_1P20_25C_BASIC'
Loading new version of design 'HSR_PCLKGL_4' into shared technology library 'IH55LP_HS_RVT_TT_1P20_25C_BASIC'
Loading new version of design 'HSR_PCLKGL_6' into shared technology library 'IH55LP_HS_RVT_TT_1P20_25C_BASIC'
Loading new version of design 'HSR_PCLKGL_8' into shared technology library 'IH55LP_HS_RVT_TT_1P20_25C_BASIC'
Loading new version of design 'HSR_AOI222_0' into shared technology library 'IH55LP_HS_RVT_TT_1P20_25C_BASIC'
Loading new version of design 'HSR_AOI222_1' into shared technology library 'IH55LP_HS_RVT_TT_1P20_25C_BASIC'
Loading new version of design 'HSR_AOI222_2' into shared technology library 'IH55LP_HS_RVT_TT_1P20_25C_BASIC'
Loading new version of design 'HSR_AOI222_4' into shared technology library 'IH55LP_HS_RVT_TT_1P20_25C_BASIC'
Loading new version of design 'HSR_AOI222_8' into shared technology library 'IH55LP_HS_RVT_TT_1P20_25C_BASIC'
Loading new version of design 'HSR_AOI33_0' into shared technology library 'IH55LP_HS_RVT_TT_1P20_25C_BASIC'
Loading new version of design 'HSR_AOI33_1' into shared technology library 'IH55LP_HS_RVT_TT_1P20_25C_BASIC'
Loading new version of design 'HSR_AOI33_2' into shared technology library 'IH55LP_HS_RVT_TT_1P20_25C_BASIC'
Loading new version of design 'HSR_AOI33_4' into shared technology library 'IH55LP_HS_RVT_TT_1P20_25C_BASIC'
Loading new version of design 'HSR_AOI33_8' into shared technology library 'IH55LP_HS_RVT_TT_1P20_25C_BASIC'
Loading new version of design 'HSR_MUX4N_0' into shared technology library 'IH55LP_HS_RVT_TT_1P20_25C_BASIC'
Loading new version of design 'HSR_MUX4N_1' into shared technology library 'IH55LP_HS_RVT_TT_1P20_25C_BASIC'
Loading new version of design 'HSR_MUX4N_2' into shared technology library 'IH55LP_HS_RVT_TT_1P20_25C_BASIC'
Loading new version of design 'HSR_MUX4N_4' into shared technology library 'IH55LP_HS_RVT_TT_1P20_25C_BASIC'
Loading new version of design 'HSR_MUX4N_8' into shared technology library 'IH55LP_HS_RVT_TT_1P20_25C_BASIC'
Loading new version of design 'HSR_MUX4_0' into shared technology library 'IH55LP_HS_RVT_TT_1P20_25C_BASIC'
Loading new version of design 'HSR_MUX4_1' into shared technology library 'IH55LP_HS_RVT_TT_1P20_25C_BASIC'
Loading new version of design 'HSR_MUX4_2' into shared technology library 'IH55LP_HS_RVT_TT_1P20_25C_BASIC'
Loading new version of design 'HSR_MUX4_4' into shared technology library 'IH55LP_HS_RVT_TT_1P20_25C_BASIC'
Loading new version of design 'HSR_MUX4_8' into shared technology library 'IH55LP_HS_RVT_TT_1P20_25C_BASIC'
Loading new version of design 'HSR_OAI222_0' into shared technology library 'IH55LP_HS_RVT_TT_1P20_25C_BASIC'
Loading new version of design 'HSR_OAI222_1' into shared technology library 'IH55LP_HS_RVT_TT_1P20_25C_BASIC'
Loading new version of design 'HSR_OAI222_2' into shared technology library 'IH55LP_HS_RVT_TT_1P20_25C_BASIC'
Loading new version of design 'HSR_OAI222_4' into shared technology library 'IH55LP_HS_RVT_TT_1P20_25C_BASIC'
Loading new version of design 'HSR_OAI222_8' into shared technology library 'IH55LP_HS_RVT_TT_1P20_25C_BASIC'
Loading new version of design 'HSR_OAI33_0' into shared technology library 'IH55LP_HS_RVT_TT_1P20_25C_BASIC'
Loading new version of design 'HSR_OAI33_1' into shared technology library 'IH55LP_HS_RVT_TT_1P20_25C_BASIC'
Loading new version of design 'HSR_OAI33_2' into shared technology library 'IH55LP_HS_RVT_TT_1P20_25C_BASIC'
Loading new version of design 'HSR_OAI33_4' into shared technology library 'IH55LP_HS_RVT_TT_1P20_25C_BASIC'
Loading new version of design 'HSR_OAI33_8' into shared technology library 'IH55LP_HS_RVT_TT_1P20_25C_BASIC'
Loading new version of design 'HSR_AOI221_0' into shared technology library 'IH55LP_HS_RVT_TT_1P20_25C_BASIC'
Loading new version of design 'HSR_AOI221_1' into shared technology library 'IH55LP_HS_RVT_TT_1P20_25C_BASIC'
Loading new version of design 'HSR_AOI221_2' into shared technology library 'IH55LP_HS_RVT_TT_1P20_25C_BASIC'
Loading new version of design 'HSR_AOI221_4' into shared technology library 'IH55LP_HS_RVT_TT_1P20_25C_BASIC'
Loading new version of design 'HSR_AOI221_8' into shared technology library 'IH55LP_HS_RVT_TT_1P20_25C_BASIC'
Loading new version of design 'HSR_AOI32_0' into shared technology library 'IH55LP_HS_RVT_TT_1P20_25C_BASIC'
Loading new version of design 'HSR_AOI32_1' into shared technology library 'IH55LP_HS_RVT_TT_1P20_25C_BASIC'
Loading new version of design 'HSR_AOI32_2' into shared technology library 'IH55LP_HS_RVT_TT_1P20_25C_BASIC'
Loading new version of design 'HSR_AOI32_4' into shared technology library 'IH55LP_HS_RVT_TT_1P20_25C_BASIC'
Loading new version of design 'HSR_AOI32_8' into shared technology library 'IH55LP_HS_RVT_TT_1P20_25C_BASIC'
Loading new version of design 'HSR_MUX3N_0' into shared technology library 'IH55LP_HS_RVT_TT_1P20_25C_BASIC'
Loading new version of design 'HSR_MUX3N_1' into shared technology library 'IH55LP_HS_RVT_TT_1P20_25C_BASIC'
Loading new version of design 'HSR_MUX3N_2' into shared technology library 'IH55LP_HS_RVT_TT_1P20_25C_BASIC'
Loading new version of design 'HSR_MUX3N_4' into shared technology library 'IH55LP_HS_RVT_TT_1P20_25C_BASIC'
Loading new version of design 'HSR_MUX3N_8' into shared technology library 'IH55LP_HS_RVT_TT_1P20_25C_BASIC'
Loading new version of design 'HSR_MUX3_0' into shared technology library 'IH55LP_HS_RVT_TT_1P20_25C_BASIC'
Loading new version of design 'HSR_MUX3_1' into shared technology library 'IH55LP_HS_RVT_TT_1P20_25C_BASIC'
Loading new version of design 'HSR_MUX3_2' into shared technology library 'IH55LP_HS_RVT_TT_1P20_25C_BASIC'
Loading new version of design 'HSR_MUX3_4' into shared technology library 'IH55LP_HS_RVT_TT_1P20_25C_BASIC'
Loading new version of design 'HSR_MUX3_8' into shared technology library 'IH55LP_HS_RVT_TT_1P20_25C_BASIC'
Loading new version of design 'HSR_OAI221_0' into shared technology library 'IH55LP_HS_RVT_TT_1P20_25C_BASIC'
Loading new version of design 'HSR_OAI221_1' into shared technology library 'IH55LP_HS_RVT_TT_1P20_25C_BASIC'
Loading new version of design 'HSR_OAI221_2' into shared technology library 'IH55LP_HS_RVT_TT_1P20_25C_BASIC'
Loading new version of design 'HSR_OAI221_4' into shared technology library 'IH55LP_HS_RVT_TT_1P20_25C_BASIC'
Loading new version of design 'HSR_OAI221_8' into shared technology library 'IH55LP_HS_RVT_TT_1P20_25C_BASIC'
Loading new version of design 'HSR_OAI32_0' into shared technology library 'IH55LP_HS_RVT_TT_1P20_25C_BASIC'
Loading new version of design 'HSR_OAI32_1' into shared technology library 'IH55LP_HS_RVT_TT_1P20_25C_BASIC'
Loading new version of design 'HSR_OAI32_2' into shared technology library 'IH55LP_HS_RVT_TT_1P20_25C_BASIC'
Loading new version of design 'HSR_OAI32_4' into shared technology library 'IH55LP_HS_RVT_TT_1P20_25C_BASIC'
Loading new version of design 'HSR_OAI32_8' into shared technology library 'IH55LP_HS_RVT_TT_1P20_25C_BASIC'
Loading new version of design 'HSR_AD1_0' into shared technology library 'IH55LP_HS_RVT_TT_1P20_25C_BASIC'
Loading new version of design 'HSR_AD1_1' into shared technology library 'IH55LP_HS_RVT_TT_1P20_25C_BASIC'
Loading new version of design 'HSR_AD1_2' into shared technology library 'IH55LP_HS_RVT_TT_1P20_25C_BASIC'
Loading new version of design 'HSR_AD1_4' into shared technology library 'IH55LP_HS_RVT_TT_1P20_25C_BASIC'
Loading new version of design 'HSR_AD1_8' into shared technology library 'IH55LP_HS_RVT_TT_1P20_25C_BASIC'
Loading new version of design 'HSR_AND4_0' into shared technology library 'IH55LP_HS_RVT_TT_1P20_25C_BASIC'
Loading new version of design 'HSR_AND4_1' into shared technology library 'IH55LP_HS_RVT_TT_1P20_25C_BASIC'
Loading new version of design 'HSR_AND4_2' into shared technology library 'IH55LP_HS_RVT_TT_1P20_25C_BASIC'
Loading new version of design 'HSR_AND4_3' into shared technology library 'IH55LP_HS_RVT_TT_1P20_25C_BASIC'
Loading new version of design 'HSR_AND4_4' into shared technology library 'IH55LP_HS_RVT_TT_1P20_25C_BASIC'
Loading new version of design 'HSR_AND4_8' into shared technology library 'IH55LP_HS_RVT_TT_1P20_25C_BASIC'
Loading new version of design 'HSR_AOI211_0' into shared technology library 'IH55LP_HS_RVT_TT_1P20_25C_BASIC'
Loading new version of design 'HSR_AOI211_1' into shared technology library 'IH55LP_HS_RVT_TT_1P20_25C_BASIC'
Loading new version of design 'HSR_AOI211_2' into shared technology library 'IH55LP_HS_RVT_TT_1P20_25C_BASIC'
Loading new version of design 'HSR_AOI211_4' into shared technology library 'IH55LP_HS_RVT_TT_1P20_25C_BASIC'
Loading new version of design 'HSR_AOI211_8' into shared technology library 'IH55LP_HS_RVT_TT_1P20_25C_BASIC'
Loading new version of design 'HSR_AOI22_0' into shared technology library 'IH55LP_HS_RVT_TT_1P20_25C_BASIC'
Loading new version of design 'HSR_AOI22_1' into shared technology library 'IH55LP_HS_RVT_TT_1P20_25C_BASIC'
Loading new version of design 'HSR_AOI22_2' into shared technology library 'IH55LP_HS_RVT_TT_1P20_25C_BASIC'
Loading new version of design 'HSR_AOI22_4' into shared technology library 'IH55LP_HS_RVT_TT_1P20_25C_BASIC'
Loading new version of design 'HSR_AOI22_8' into shared technology library 'IH55LP_HS_RVT_TT_1P20_25C_BASIC'
Loading new version of design 'HSR_AOI31_0' into shared technology library 'IH55LP_HS_RVT_TT_1P20_25C_BASIC'
Loading new version of design 'HSR_AOI31_1' into shared technology library 'IH55LP_HS_RVT_TT_1P20_25C_BASIC'
Loading new version of design 'HSR_AOI31_2' into shared technology library 'IH55LP_HS_RVT_TT_1P20_25C_BASIC'
Loading new version of design 'HSR_AOI31_4' into shared technology library 'IH55LP_HS_RVT_TT_1P20_25C_BASIC'
Loading new version of design 'HSR_AOI31_8' into shared technology library 'IH55LP_HS_RVT_TT_1P20_25C_BASIC'
Loading new version of design 'HSR_I2NAND4_0' into shared technology library 'IH55LP_HS_RVT_TT_1P20_25C_BASIC'
Loading new version of design 'HSR_I2NAND4_1' into shared technology library 'IH55LP_HS_RVT_TT_1P20_25C_BASIC'
Loading new version of design 'HSR_I2NAND4_2' into shared technology library 'IH55LP_HS_RVT_TT_1P20_25C_BASIC'
Loading new version of design 'HSR_I2NAND4_4' into shared technology library 'IH55LP_HS_RVT_TT_1P20_25C_BASIC'
Loading new version of design 'HSR_I2NAND4_8' into shared technology library 'IH55LP_HS_RVT_TT_1P20_25C_BASIC'
Loading new version of design 'HSR_I2NOR4_0' into shared technology library 'IH55LP_HS_RVT_TT_1P20_25C_BASIC'
Loading new version of design 'HSR_I2NOR4_1' into shared technology library 'IH55LP_HS_RVT_TT_1P20_25C_BASIC'
Loading new version of design 'HSR_I2NOR4_2' into shared technology library 'IH55LP_HS_RVT_TT_1P20_25C_BASIC'
Loading new version of design 'HSR_I2NOR4_4' into shared technology library 'IH55LP_HS_RVT_TT_1P20_25C_BASIC'
Loading new version of design 'HSR_I2NOR4_8' into shared technology library 'IH55LP_HS_RVT_TT_1P20_25C_BASIC'
Loading new version of design 'HSR_IAO22_0' into shared technology library 'IH55LP_HS_RVT_TT_1P20_25C_BASIC'
Loading new version of design 'HSR_IAO22_1' into shared technology library 'IH55LP_HS_RVT_TT_1P20_25C_BASIC'
Loading new version of design 'HSR_IAO22_2' into shared technology library 'IH55LP_HS_RVT_TT_1P20_25C_BASIC'
Loading new version of design 'HSR_IAO22_4' into shared technology library 'IH55LP_HS_RVT_TT_1P20_25C_BASIC'
Loading new version of design 'HSR_IAO22_8' into shared technology library 'IH55LP_HS_RVT_TT_1P20_25C_BASIC'
Loading new version of design 'HSR_INAND4_0' into shared technology library 'IH55LP_HS_RVT_TT_1P20_25C_BASIC'
Loading new version of design 'HSR_INAND4_1' into shared technology library 'IH55LP_HS_RVT_TT_1P20_25C_BASIC'
Loading new version of design 'HSR_INAND4_2' into shared technology library 'IH55LP_HS_RVT_TT_1P20_25C_BASIC'
Loading new version of design 'HSR_INAND4_4' into shared technology library 'IH55LP_HS_RVT_TT_1P20_25C_BASIC'
Loading new version of design 'HSR_INAND4_8' into shared technology library 'IH55LP_HS_RVT_TT_1P20_25C_BASIC'
Loading new version of design 'HSR_INOR4_0' into shared technology library 'IH55LP_HS_RVT_TT_1P20_25C_BASIC'
Loading new version of design 'HSR_INOR4_1' into shared technology library 'IH55LP_HS_RVT_TT_1P20_25C_BASIC'
Loading new version of design 'HSR_INOR4_2' into shared technology library 'IH55LP_HS_RVT_TT_1P20_25C_BASIC'
Loading new version of design 'HSR_INOR4_4' into shared technology library 'IH55LP_HS_RVT_TT_1P20_25C_BASIC'
Loading new version of design 'HSR_INOR4_8' into shared technology library 'IH55LP_HS_RVT_TT_1P20_25C_BASIC'
Loading new version of design 'HSR_IOA22_0' into shared technology library 'IH55LP_HS_RVT_TT_1P20_25C_BASIC'
Loading new version of design 'HSR_IOA22_1' into shared technology library 'IH55LP_HS_RVT_TT_1P20_25C_BASIC'
Loading new version of design 'HSR_IOA22_2' into shared technology library 'IH55LP_HS_RVT_TT_1P20_25C_BASIC'
Loading new version of design 'HSR_IOA22_4' into shared technology library 'IH55LP_HS_RVT_TT_1P20_25C_BASIC'
Loading new version of design 'HSR_IOA22_8' into shared technology library 'IH55LP_HS_RVT_TT_1P20_25C_BASIC'
Loading new version of design 'HSR_MAOI22_0' into shared technology library 'IH55LP_HS_RVT_TT_1P20_25C_BASIC'
Loading new version of design 'HSR_MAOI22_1' into shared technology library 'IH55LP_HS_RVT_TT_1P20_25C_BASIC'
Loading new version of design 'HSR_MAOI22_2' into shared technology library 'IH55LP_HS_RVT_TT_1P20_25C_BASIC'
Loading new version of design 'HSR_MAOI22_4' into shared technology library 'IH55LP_HS_RVT_TT_1P20_25C_BASIC'
Loading new version of design 'HSR_MAOI22_8' into shared technology library 'IH55LP_HS_RVT_TT_1P20_25C_BASIC'
Loading new version of design 'HSR_MOAI22_0' into shared technology library 'IH55LP_HS_RVT_TT_1P20_25C_BASIC'
Loading new version of design 'HSR_MOAI22_1' into shared technology library 'IH55LP_HS_RVT_TT_1P20_25C_BASIC'
Loading new version of design 'HSR_MOAI22_2' into shared technology library 'IH55LP_HS_RVT_TT_1P20_25C_BASIC'
Loading new version of design 'HSR_MOAI22_4' into shared technology library 'IH55LP_HS_RVT_TT_1P20_25C_BASIC'
Loading new version of design 'HSR_MOAI22_8' into shared technology library 'IH55LP_HS_RVT_TT_1P20_25C_BASIC'
Loading new version of design 'HSR_NAND4_0' into shared technology library 'IH55LP_HS_RVT_TT_1P20_25C_BASIC'
Loading new version of design 'HSR_NAND4_1' into shared technology library 'IH55LP_HS_RVT_TT_1P20_25C_BASIC'
Loading new version of design 'HSR_NAND4_2' into shared technology library 'IH55LP_HS_RVT_TT_1P20_25C_BASIC'
Loading new version of design 'HSR_NAND4_3' into shared technology library 'IH55LP_HS_RVT_TT_1P20_25C_BASIC'
Loading new version of design 'HSR_NAND4_4' into shared technology library 'IH55LP_HS_RVT_TT_1P20_25C_BASIC'
Loading new version of design 'HSR_NAND4_8' into shared technology library 'IH55LP_HS_RVT_TT_1P20_25C_BASIC'
Loading new version of design 'HSR_NOR4_0' into shared technology library 'IH55LP_HS_RVT_TT_1P20_25C_BASIC'
Loading new version of design 'HSR_NOR4_1' into shared technology library 'IH55LP_HS_RVT_TT_1P20_25C_BASIC'
Loading new version of design 'HSR_NOR4_2' into shared technology library 'IH55LP_HS_RVT_TT_1P20_25C_BASIC'
Loading new version of design 'HSR_NOR4_3' into shared technology library 'IH55LP_HS_RVT_TT_1P20_25C_BASIC'
Loading new version of design 'HSR_NOR4_4' into shared technology library 'IH55LP_HS_RVT_TT_1P20_25C_BASIC'
Loading new version of design 'HSR_NOR4_8' into shared technology library 'IH55LP_HS_RVT_TT_1P20_25C_BASIC'
Loading new version of design 'HSR_OAI211_0' into shared technology library 'IH55LP_HS_RVT_TT_1P20_25C_BASIC'
Loading new version of design 'HSR_OAI211_1' into shared technology library 'IH55LP_HS_RVT_TT_1P20_25C_BASIC'
Loading new version of design 'HSR_OAI211_2' into shared technology library 'IH55LP_HS_RVT_TT_1P20_25C_BASIC'
Loading new version of design 'HSR_OAI211_4' into shared technology library 'IH55LP_HS_RVT_TT_1P20_25C_BASIC'
Loading new version of design 'HSR_OAI211_8' into shared technology library 'IH55LP_HS_RVT_TT_1P20_25C_BASIC'
Loading new version of design 'HSR_OAI22_0' into shared technology library 'IH55LP_HS_RVT_TT_1P20_25C_BASIC'
Loading new version of design 'HSR_OAI22_1' into shared technology library 'IH55LP_HS_RVT_TT_1P20_25C_BASIC'
Loading new version of design 'HSR_OAI22_2' into shared technology library 'IH55LP_HS_RVT_TT_1P20_25C_BASIC'
Loading new version of design 'HSR_OAI22_4' into shared technology library 'IH55LP_HS_RVT_TT_1P20_25C_BASIC'
Loading new version of design 'HSR_OAI22_8' into shared technology library 'IH55LP_HS_RVT_TT_1P20_25C_BASIC'
Loading new version of design 'HSR_OAI31_0' into shared technology library 'IH55LP_HS_RVT_TT_1P20_25C_BASIC'
Loading new version of design 'HSR_OAI31_1' into shared technology library 'IH55LP_HS_RVT_TT_1P20_25C_BASIC'
Loading new version of design 'HSR_OAI31_2' into shared technology library 'IH55LP_HS_RVT_TT_1P20_25C_BASIC'
Loading new version of design 'HSR_OAI31_4' into shared technology library 'IH55LP_HS_RVT_TT_1P20_25C_BASIC'
Loading new version of design 'HSR_OAI31_8' into shared technology library 'IH55LP_HS_RVT_TT_1P20_25C_BASIC'
Loading new version of design 'HSR_OR4_0' into shared technology library 'IH55LP_HS_RVT_TT_1P20_25C_BASIC'
Loading new version of design 'HSR_OR4_1' into shared technology library 'IH55LP_HS_RVT_TT_1P20_25C_BASIC'
Loading new version of design 'HSR_OR4_2' into shared technology library 'IH55LP_HS_RVT_TT_1P20_25C_BASIC'
Loading new version of design 'HSR_OR4_3' into shared technology library 'IH55LP_HS_RVT_TT_1P20_25C_BASIC'
Loading new version of design 'HSR_OR4_4' into shared technology library 'IH55LP_HS_RVT_TT_1P20_25C_BASIC'
Loading new version of design 'HSR_OR4_8' into shared technology library 'IH55LP_HS_RVT_TT_1P20_25C_BASIC'
Loading new version of design 'HSR_XNOR4_0' into shared technology library 'IH55LP_HS_RVT_TT_1P20_25C_BASIC'
Loading new version of design 'HSR_XNOR4_1' into shared technology library 'IH55LP_HS_RVT_TT_1P20_25C_BASIC'
Loading new version of design 'HSR_XNOR4_2' into shared technology library 'IH55LP_HS_RVT_TT_1P20_25C_BASIC'
Loading new version of design 'HSR_XNOR4_4' into shared technology library 'IH55LP_HS_RVT_TT_1P20_25C_BASIC'
Loading new version of design 'HSR_XNOR4_8' into shared technology library 'IH55LP_HS_RVT_TT_1P20_25C_BASIC'
Loading new version of design 'HSR_XOR4_0' into shared technology library 'IH55LP_HS_RVT_TT_1P20_25C_BASIC'
Loading new version of design 'HSR_XOR4_1' into shared technology library 'IH55LP_HS_RVT_TT_1P20_25C_BASIC'
Loading new version of design 'HSR_XOR4_2' into shared technology library 'IH55LP_HS_RVT_TT_1P20_25C_BASIC'
Loading new version of design 'HSR_XOR4_4' into shared technology library 'IH55LP_HS_RVT_TT_1P20_25C_BASIC'
Loading new version of design 'HSR_XOR4_8' into shared technology library 'IH55LP_HS_RVT_TT_1P20_25C_BASIC'
Loading new version of design 'HSR_ADH1_0' into shared technology library 'IH55LP_HS_RVT_TT_1P20_25C_BASIC'
Loading new version of design 'HSR_ADH1_1' into shared technology library 'IH55LP_HS_RVT_TT_1P20_25C_BASIC'
Loading new version of design 'HSR_ADH1_2' into shared technology library 'IH55LP_HS_RVT_TT_1P20_25C_BASIC'
Loading new version of design 'HSR_ADH1_4' into shared technology library 'IH55LP_HS_RVT_TT_1P20_25C_BASIC'
Loading new version of design 'HSR_ADH1_8' into shared technology library 'IH55LP_HS_RVT_TT_1P20_25C_BASIC'
Loading new version of design 'HSR_AND3_0' into shared technology library 'IH55LP_HS_RVT_TT_1P20_25C_BASIC'
Loading new version of design 'HSR_AND3_1' into shared technology library 'IH55LP_HS_RVT_TT_1P20_25C_BASIC'
Loading new version of design 'HSR_AND3_2' into shared technology library 'IH55LP_HS_RVT_TT_1P20_25C_BASIC'
Loading new version of design 'HSR_AND3_3' into shared technology library 'IH55LP_HS_RVT_TT_1P20_25C_BASIC'
Loading new version of design 'HSR_AND3_4' into shared technology library 'IH55LP_HS_RVT_TT_1P20_25C_BASIC'
Loading new version of design 'HSR_AND3_8' into shared technology library 'IH55LP_HS_RVT_TT_1P20_25C_BASIC'
Loading new version of design 'HSR_AOI21_0' into shared technology library 'IH55LP_HS_RVT_TT_1P20_25C_BASIC'
Loading new version of design 'HSR_AOI21_1' into shared technology library 'IH55LP_HS_RVT_TT_1P20_25C_BASIC'
Loading new version of design 'HSR_AOI21_2' into shared technology library 'IH55LP_HS_RVT_TT_1P20_25C_BASIC'
Loading new version of design 'HSR_AOI21_4' into shared technology library 'IH55LP_HS_RVT_TT_1P20_25C_BASIC'
Loading new version of design 'HSR_AOI21_8' into shared technology library 'IH55LP_HS_RVT_TT_1P20_25C_BASIC'
Loading new version of design 'HSR_CKMUX2_0' into shared technology library 'IH55LP_HS_RVT_TT_1P20_25C_BASIC'
Loading new version of design 'HSR_CKMUX2_1' into shared technology library 'IH55LP_HS_RVT_TT_1P20_25C_BASIC'
Loading new version of design 'HSR_CKMUX2_2' into shared technology library 'IH55LP_HS_RVT_TT_1P20_25C_BASIC'
Loading new version of design 'HSR_CKMUX2_3' into shared technology library 'IH55LP_HS_RVT_TT_1P20_25C_BASIC'
Loading new version of design 'HSR_CKMUX2_4' into shared technology library 'IH55LP_HS_RVT_TT_1P20_25C_BASIC'
Loading new version of design 'HSR_CKMUX2_8' into shared technology library 'IH55LP_HS_RVT_TT_1P20_25C_BASIC'
Loading new version of design 'HSR_IAO21_0' into shared technology library 'IH55LP_HS_RVT_TT_1P20_25C_BASIC'
Loading new version of design 'HSR_IAO21_1' into shared technology library 'IH55LP_HS_RVT_TT_1P20_25C_BASIC'
Loading new version of design 'HSR_IAO21_2' into shared technology library 'IH55LP_HS_RVT_TT_1P20_25C_BASIC'
Loading new version of design 'HSR_IAO21_4' into shared technology library 'IH55LP_HS_RVT_TT_1P20_25C_BASIC'
Loading new version of design 'HSR_IAO21_8' into shared technology library 'IH55LP_HS_RVT_TT_1P20_25C_BASIC'
Loading new version of design 'HSR_INAND3_0' into shared technology library 'IH55LP_HS_RVT_TT_1P20_25C_BASIC'
Loading new version of design 'HSR_INAND3_1' into shared technology library 'IH55LP_HS_RVT_TT_1P20_25C_BASIC'
Loading new version of design 'HSR_INAND3_2' into shared technology library 'IH55LP_HS_RVT_TT_1P20_25C_BASIC'
Loading new version of design 'HSR_INAND3_4' into shared technology library 'IH55LP_HS_RVT_TT_1P20_25C_BASIC'
Loading new version of design 'HSR_INAND3_8' into shared technology library 'IH55LP_HS_RVT_TT_1P20_25C_BASIC'
Loading new version of design 'HSR_INOR3_0' into shared technology library 'IH55LP_HS_RVT_TT_1P20_25C_BASIC'
Loading new version of design 'HSR_INOR3_1' into shared technology library 'IH55LP_HS_RVT_TT_1P20_25C_BASIC'
Loading new version of design 'HSR_INOR3_2' into shared technology library 'IH55LP_HS_RVT_TT_1P20_25C_BASIC'
Loading new version of design 'HSR_INOR3_4' into shared technology library 'IH55LP_HS_RVT_TT_1P20_25C_BASIC'
Loading new version of design 'HSR_INOR3_8' into shared technology library 'IH55LP_HS_RVT_TT_1P20_25C_BASIC'
Loading new version of design 'HSR_IOA21_0' into shared technology library 'IH55LP_HS_RVT_TT_1P20_25C_BASIC'
Loading new version of design 'HSR_IOA21_1' into shared technology library 'IH55LP_HS_RVT_TT_1P20_25C_BASIC'
Loading new version of design 'HSR_IOA21_2' into shared technology library 'IH55LP_HS_RVT_TT_1P20_25C_BASIC'
Loading new version of design 'HSR_IOA21_4' into shared technology library 'IH55LP_HS_RVT_TT_1P20_25C_BASIC'
Loading new version of design 'HSR_IOA21_8' into shared technology library 'IH55LP_HS_RVT_TT_1P20_25C_BASIC'
Loading new version of design 'HSR_MAOI222_0' into shared technology library 'IH55LP_HS_RVT_TT_1P20_25C_BASIC'
Loading new version of design 'HSR_MAOI222_1' into shared technology library 'IH55LP_HS_RVT_TT_1P20_25C_BASIC'
Loading new version of design 'HSR_MAOI222_2' into shared technology library 'IH55LP_HS_RVT_TT_1P20_25C_BASIC'
Loading new version of design 'HSR_MAOI222_4' into shared technology library 'IH55LP_HS_RVT_TT_1P20_25C_BASIC'
Loading new version of design 'HSR_MAOI222_8' into shared technology library 'IH55LP_HS_RVT_TT_1P20_25C_BASIC'
Loading new version of design 'HSR_MUX2N_0' into shared technology library 'IH55LP_HS_RVT_TT_1P20_25C_BASIC'
Loading new version of design 'HSR_MUX2N_1' into shared technology library 'IH55LP_HS_RVT_TT_1P20_25C_BASIC'
Loading new version of design 'HSR_MUX2N_2' into shared technology library 'IH55LP_HS_RVT_TT_1P20_25C_BASIC'
Loading new version of design 'HSR_MUX2N_4' into shared technology library 'IH55LP_HS_RVT_TT_1P20_25C_BASIC'
Loading new version of design 'HSR_MUX2N_8' into shared technology library 'IH55LP_HS_RVT_TT_1P20_25C_BASIC'
Loading new version of design 'HSR_MUX2_0' into shared technology library 'IH55LP_HS_RVT_TT_1P20_25C_BASIC'
Loading new version of design 'HSR_MUX2_1' into shared technology library 'IH55LP_HS_RVT_TT_1P20_25C_BASIC'
Loading new version of design 'HSR_MUX2_2' into shared technology library 'IH55LP_HS_RVT_TT_1P20_25C_BASIC'
Loading new version of design 'HSR_MUX2_4' into shared technology library 'IH55LP_HS_RVT_TT_1P20_25C_BASIC'
Loading new version of design 'HSR_MUX2_8' into shared technology library 'IH55LP_HS_RVT_TT_1P20_25C_BASIC'
Loading new version of design 'HSR_NAND3_0' into shared technology library 'IH55LP_HS_RVT_TT_1P20_25C_BASIC'
Loading new version of design 'HSR_NAND3_1' into shared technology library 'IH55LP_HS_RVT_TT_1P20_25C_BASIC'
Loading new version of design 'HSR_NAND3_2' into shared technology library 'IH55LP_HS_RVT_TT_1P20_25C_BASIC'
Loading new version of design 'HSR_NAND3_3' into shared technology library 'IH55LP_HS_RVT_TT_1P20_25C_BASIC'
Loading new version of design 'HSR_NAND3_4' into shared technology library 'IH55LP_HS_RVT_TT_1P20_25C_BASIC'
Loading new version of design 'HSR_NAND3_8' into shared technology library 'IH55LP_HS_RVT_TT_1P20_25C_BASIC'
Loading new version of design 'HSR_NOR3_0' into shared technology library 'IH55LP_HS_RVT_TT_1P20_25C_BASIC'
Loading new version of design 'HSR_NOR3_1' into shared technology library 'IH55LP_HS_RVT_TT_1P20_25C_BASIC'
Loading new version of design 'HSR_NOR3_2' into shared technology library 'IH55LP_HS_RVT_TT_1P20_25C_BASIC'
Loading new version of design 'HSR_NOR3_3' into shared technology library 'IH55LP_HS_RVT_TT_1P20_25C_BASIC'
Loading new version of design 'HSR_NOR3_4' into shared technology library 'IH55LP_HS_RVT_TT_1P20_25C_BASIC'
Loading new version of design 'HSR_NOR3_8' into shared technology library 'IH55LP_HS_RVT_TT_1P20_25C_BASIC'
Loading new version of design 'HSR_OAI21_0' into shared technology library 'IH55LP_HS_RVT_TT_1P20_25C_BASIC'
Loading new version of design 'HSR_OAI21_1' into shared technology library 'IH55LP_HS_RVT_TT_1P20_25C_BASIC'
Loading new version of design 'HSR_OAI21_2' into shared technology library 'IH55LP_HS_RVT_TT_1P20_25C_BASIC'
Loading new version of design 'HSR_OAI21_4' into shared technology library 'IH55LP_HS_RVT_TT_1P20_25C_BASIC'
Loading new version of design 'HSR_OAI21_8' into shared technology library 'IH55LP_HS_RVT_TT_1P20_25C_BASIC'
Loading new version of design 'HSR_OR3_0' into shared technology library 'IH55LP_HS_RVT_TT_1P20_25C_BASIC'
Loading new version of design 'HSR_OR3_1' into shared technology library 'IH55LP_HS_RVT_TT_1P20_25C_BASIC'
Loading new version of design 'HSR_OR3_2' into shared technology library 'IH55LP_HS_RVT_TT_1P20_25C_BASIC'
Loading new version of design 'HSR_OR3_3' into shared technology library 'IH55LP_HS_RVT_TT_1P20_25C_BASIC'
Loading new version of design 'HSR_OR3_4' into shared technology library 'IH55LP_HS_RVT_TT_1P20_25C_BASIC'
Loading new version of design 'HSR_OR3_8' into shared technology library 'IH55LP_HS_RVT_TT_1P20_25C_BASIC'
Loading new version of design 'HSR_XNOR3_0' into shared technology library 'IH55LP_HS_RVT_TT_1P20_25C_BASIC'
Loading new version of design 'HSR_XNOR3_1' into shared technology library 'IH55LP_HS_RVT_TT_1P20_25C_BASIC'
Loading new version of design 'HSR_XNOR3_2' into shared technology library 'IH55LP_HS_RVT_TT_1P20_25C_BASIC'
Loading new version of design 'HSR_XNOR3_4' into shared technology library 'IH55LP_HS_RVT_TT_1P20_25C_BASIC'
Loading new version of design 'HSR_XNOR3_8' into shared technology library 'IH55LP_HS_RVT_TT_1P20_25C_BASIC'
Loading new version of design 'HSR_XOR3_0' into shared technology library 'IH55LP_HS_RVT_TT_1P20_25C_BASIC'
Loading new version of design 'HSR_XOR3_1' into shared technology library 'IH55LP_HS_RVT_TT_1P20_25C_BASIC'
Loading new version of design 'HSR_XOR3_2' into shared technology library 'IH55LP_HS_RVT_TT_1P20_25C_BASIC'
Loading new version of design 'HSR_XOR3_4' into shared technology library 'IH55LP_HS_RVT_TT_1P20_25C_BASIC'
Loading new version of design 'HSR_XOR3_8' into shared technology library 'IH55LP_HS_RVT_TT_1P20_25C_BASIC'
Loading new version of design 'HSR_AND2_0' into shared technology library 'IH55LP_HS_RVT_TT_1P20_25C_BASIC'
Loading new version of design 'HSR_AND2_1' into shared technology library 'IH55LP_HS_RVT_TT_1P20_25C_BASIC'
Loading new version of design 'HSR_AND2_2' into shared technology library 'IH55LP_HS_RVT_TT_1P20_25C_BASIC'
Loading new version of design 'HSR_AND2_3' into shared technology library 'IH55LP_HS_RVT_TT_1P20_25C_BASIC'
Loading new version of design 'HSR_AND2_4' into shared technology library 'IH55LP_HS_RVT_TT_1P20_25C_BASIC'
Loading new version of design 'HSR_AND2_8' into shared technology library 'IH55LP_HS_RVT_TT_1P20_25C_BASIC'
Loading new version of design 'HSR_CLKAND2_0' into shared technology library 'IH55LP_HS_RVT_TT_1P20_25C_BASIC'
Loading new version of design 'HSR_CLKAND2_1' into shared technology library 'IH55LP_HS_RVT_TT_1P20_25C_BASIC'
Loading new version of design 'HSR_CLKAND2_2' into shared technology library 'IH55LP_HS_RVT_TT_1P20_25C_BASIC'
Loading new version of design 'HSR_CLKAND2_3' into shared technology library 'IH55LP_HS_RVT_TT_1P20_25C_BASIC'
Loading new version of design 'HSR_CLKAND2_4' into shared technology library 'IH55LP_HS_RVT_TT_1P20_25C_BASIC'
Loading new version of design 'HSR_CLKAND2_8' into shared technology library 'IH55LP_HS_RVT_TT_1P20_25C_BASIC'
Loading new version of design 'HSR_CLKNAND2_0' into shared technology library 'IH55LP_HS_RVT_TT_1P20_25C_BASIC'
Loading new version of design 'HSR_CLKNAND2_1' into shared technology library 'IH55LP_HS_RVT_TT_1P20_25C_BASIC'
Loading new version of design 'HSR_CLKNAND2_2' into shared technology library 'IH55LP_HS_RVT_TT_1P20_25C_BASIC'
Loading new version of design 'HSR_CLKNAND2_3' into shared technology library 'IH55LP_HS_RVT_TT_1P20_25C_BASIC'
Loading new version of design 'HSR_CLKNAND2_4' into shared technology library 'IH55LP_HS_RVT_TT_1P20_25C_BASIC'
Loading new version of design 'HSR_CLKNAND2_8' into shared technology library 'IH55LP_HS_RVT_TT_1P20_25C_BASIC'
Loading new version of design 'HSR_CLKNOR2_0' into shared technology library 'IH55LP_HS_RVT_TT_1P20_25C_BASIC'
Loading new version of design 'HSR_CLKNOR2_1' into shared technology library 'IH55LP_HS_RVT_TT_1P20_25C_BASIC'
Loading new version of design 'HSR_CLKNOR2_2' into shared technology library 'IH55LP_HS_RVT_TT_1P20_25C_BASIC'
Loading new version of design 'HSR_CLKNOR2_3' into shared technology library 'IH55LP_HS_RVT_TT_1P20_25C_BASIC'
Loading new version of design 'HSR_CLKNOR2_4' into shared technology library 'IH55LP_HS_RVT_TT_1P20_25C_BASIC'
Loading new version of design 'HSR_CLKNOR2_8' into shared technology library 'IH55LP_HS_RVT_TT_1P20_25C_BASIC'
Loading new version of design 'HSR_CLKOR2_0' into shared technology library 'IH55LP_HS_RVT_TT_1P20_25C_BASIC'
Loading new version of design 'HSR_CLKOR2_1' into shared technology library 'IH55LP_HS_RVT_TT_1P20_25C_BASIC'
Loading new version of design 'HSR_CLKOR2_2' into shared technology library 'IH55LP_HS_RVT_TT_1P20_25C_BASIC'
Loading new version of design 'HSR_CLKOR2_3' into shared technology library 'IH55LP_HS_RVT_TT_1P20_25C_BASIC'
Loading new version of design 'HSR_CLKOR2_4' into shared technology library 'IH55LP_HS_RVT_TT_1P20_25C_BASIC'
Loading new version of design 'HSR_CLKOR2_8' into shared technology library 'IH55LP_HS_RVT_TT_1P20_25C_BASIC'
Loading new version of design 'HSR_CLKXOR2_0' into shared technology library 'IH55LP_HS_RVT_TT_1P20_25C_BASIC'
Loading new version of design 'HSR_CLKXOR2_1' into shared technology library 'IH55LP_HS_RVT_TT_1P20_25C_BASIC'
Loading new version of design 'HSR_CLKXOR2_2' into shared technology library 'IH55LP_HS_RVT_TT_1P20_25C_BASIC'
Loading new version of design 'HSR_CLKXOR2_4' into shared technology library 'IH55LP_HS_RVT_TT_1P20_25C_BASIC'
Loading new version of design 'HSR_CLKXOR2_8' into shared technology library 'IH55LP_HS_RVT_TT_1P20_25C_BASIC'
Loading new version of design 'HSR_INAND2_0' into shared technology library 'IH55LP_HS_RVT_TT_1P20_25C_BASIC'
Loading new version of design 'HSR_INAND2_1' into shared technology library 'IH55LP_HS_RVT_TT_1P20_25C_BASIC'
Loading new version of design 'HSR_INAND2_2' into shared technology library 'IH55LP_HS_RVT_TT_1P20_25C_BASIC'
Loading new version of design 'HSR_INAND2_4' into shared technology library 'IH55LP_HS_RVT_TT_1P20_25C_BASIC'
Loading new version of design 'HSR_INAND2_8' into shared technology library 'IH55LP_HS_RVT_TT_1P20_25C_BASIC'
Loading new version of design 'HSR_INOR2_0' into shared technology library 'IH55LP_HS_RVT_TT_1P20_25C_BASIC'
Loading new version of design 'HSR_INOR2_1' into shared technology library 'IH55LP_HS_RVT_TT_1P20_25C_BASIC'
Loading new version of design 'HSR_INOR2_2' into shared technology library 'IH55LP_HS_RVT_TT_1P20_25C_BASIC'
Loading new version of design 'HSR_INOR2_4' into shared technology library 'IH55LP_HS_RVT_TT_1P20_25C_BASIC'
Loading new version of design 'HSR_INOR2_8' into shared technology library 'IH55LP_HS_RVT_TT_1P20_25C_BASIC'
Loading new version of design 'HSR_NAND2_0' into shared technology library 'IH55LP_HS_RVT_TT_1P20_25C_BASIC'
Loading new version of design 'HSR_NAND2_1' into shared technology library 'IH55LP_HS_RVT_TT_1P20_25C_BASIC'
Loading new version of design 'HSR_NAND2_2' into shared technology library 'IH55LP_HS_RVT_TT_1P20_25C_BASIC'
Loading new version of design 'HSR_NAND2_3' into shared technology library 'IH55LP_HS_RVT_TT_1P20_25C_BASIC'
Loading new version of design 'HSR_NAND2_4' into shared technology library 'IH55LP_HS_RVT_TT_1P20_25C_BASIC'
Loading new version of design 'HSR_NAND2_8' into shared technology library 'IH55LP_HS_RVT_TT_1P20_25C_BASIC'
Loading new version of design 'HSR_NOR2_0' into shared technology library 'IH55LP_HS_RVT_TT_1P20_25C_BASIC'
Loading new version of design 'HSR_NOR2_1' into shared technology library 'IH55LP_HS_RVT_TT_1P20_25C_BASIC'
Loading new version of design 'HSR_NOR2_2' into shared technology library 'IH55LP_HS_RVT_TT_1P20_25C_BASIC'
Loading new version of design 'HSR_NOR2_3' into shared technology library 'IH55LP_HS_RVT_TT_1P20_25C_BASIC'
Loading new version of design 'HSR_NOR2_4' into shared technology library 'IH55LP_HS_RVT_TT_1P20_25C_BASIC'
Loading new version of design 'HSR_NOR2_8' into shared technology library 'IH55LP_HS_RVT_TT_1P20_25C_BASIC'
Loading new version of design 'HSR_OR2_0' into shared technology library 'IH55LP_HS_RVT_TT_1P20_25C_BASIC'
Loading new version of design 'HSR_OR2_1' into shared technology library 'IH55LP_HS_RVT_TT_1P20_25C_BASIC'
Loading new version of design 'HSR_OR2_2' into shared technology library 'IH55LP_HS_RVT_TT_1P20_25C_BASIC'
Loading new version of design 'HSR_OR2_3' into shared technology library 'IH55LP_HS_RVT_TT_1P20_25C_BASIC'
Loading new version of design 'HSR_OR2_4' into shared technology library 'IH55LP_HS_RVT_TT_1P20_25C_BASIC'
Loading new version of design 'HSR_OR2_8' into shared technology library 'IH55LP_HS_RVT_TT_1P20_25C_BASIC'
Loading new version of design 'HSR_TBUF_0' into shared technology library 'IH55LP_HS_RVT_TT_1P20_25C_BASIC'
Loading new version of design 'HSR_TBUF_1' into shared technology library 'IH55LP_HS_RVT_TT_1P20_25C_BASIC'
Loading new version of design 'HSR_TBUF_12' into shared technology library 'IH55LP_HS_RVT_TT_1P20_25C_BASIC'
Loading new version of design 'HSR_TBUF_16' into shared technology library 'IH55LP_HS_RVT_TT_1P20_25C_BASIC'
Loading new version of design 'HSR_TBUF_2' into shared technology library 'IH55LP_HS_RVT_TT_1P20_25C_BASIC'
Loading new version of design 'HSR_TBUF_20' into shared technology library 'IH55LP_HS_RVT_TT_1P20_25C_BASIC'
Loading new version of design 'HSR_TBUF_24' into shared technology library 'IH55LP_HS_RVT_TT_1P20_25C_BASIC'
Loading new version of design 'HSR_TBUF_3' into shared technology library 'IH55LP_HS_RVT_TT_1P20_25C_BASIC'
Loading new version of design 'HSR_TBUF_32' into shared technology library 'IH55LP_HS_RVT_TT_1P20_25C_BASIC'
Loading new version of design 'HSR_TBUF_4' into shared technology library 'IH55LP_HS_RVT_TT_1P20_25C_BASIC'
Loading new version of design 'HSR_TBUF_6' into shared technology library 'IH55LP_HS_RVT_TT_1P20_25C_BASIC'
Loading new version of design 'HSR_TBUF_8' into shared technology library 'IH55LP_HS_RVT_TT_1P20_25C_BASIC'
Loading new version of design 'HSR_XNOR2_0' into shared technology library 'IH55LP_HS_RVT_TT_1P20_25C_BASIC'
Loading new version of design 'HSR_XNOR2_1' into shared technology library 'IH55LP_HS_RVT_TT_1P20_25C_BASIC'
Loading new version of design 'HSR_XNOR2_2' into shared technology library 'IH55LP_HS_RVT_TT_1P20_25C_BASIC'
Loading new version of design 'HSR_XNOR2_4' into shared technology library 'IH55LP_HS_RVT_TT_1P20_25C_BASIC'
Loading new version of design 'HSR_XNOR2_8' into shared technology library 'IH55LP_HS_RVT_TT_1P20_25C_BASIC'
Loading new version of design 'HSR_XOR2_0' into shared technology library 'IH55LP_HS_RVT_TT_1P20_25C_BASIC'
Loading new version of design 'HSR_XOR2_1' into shared technology library 'IH55LP_HS_RVT_TT_1P20_25C_BASIC'
Loading new version of design 'HSR_XOR2_2' into shared technology library 'IH55LP_HS_RVT_TT_1P20_25C_BASIC'
Loading new version of design 'HSR_XOR2_4' into shared technology library 'IH55LP_HS_RVT_TT_1P20_25C_BASIC'
Loading new version of design 'HSR_XOR2_8' into shared technology library 'IH55LP_HS_RVT_TT_1P20_25C_BASIC'
Loading new version of design 'HSR_BUF_0' into shared technology library 'IH55LP_HS_RVT_TT_1P20_25C_BASIC'
Loading new version of design 'HSR_BUF_1' into shared technology library 'IH55LP_HS_RVT_TT_1P20_25C_BASIC'
Loading new version of design 'HSR_BUF_12' into shared technology library 'IH55LP_HS_RVT_TT_1P20_25C_BASIC'
Loading new version of design 'HSR_BUF_16' into shared technology library 'IH55LP_HS_RVT_TT_1P20_25C_BASIC'
Loading new version of design 'HSR_BUF_2' into shared technology library 'IH55LP_HS_RVT_TT_1P20_25C_BASIC'
Loading new version of design 'HSR_BUF_20' into shared technology library 'IH55LP_HS_RVT_TT_1P20_25C_BASIC'
Loading new version of design 'HSR_BUF_24' into shared technology library 'IH55LP_HS_RVT_TT_1P20_25C_BASIC'
Loading new version of design 'HSR_BUF_3' into shared technology library 'IH55LP_HS_RVT_TT_1P20_25C_BASIC'
Loading new version of design 'HSR_BUF_32' into shared technology library 'IH55LP_HS_RVT_TT_1P20_25C_BASIC'
Loading new version of design 'HSR_BUF_4' into shared technology library 'IH55LP_HS_RVT_TT_1P20_25C_BASIC'
Loading new version of design 'HSR_BUF_6' into shared technology library 'IH55LP_HS_RVT_TT_1P20_25C_BASIC'
Loading new version of design 'HSR_BUF_8' into shared technology library 'IH55LP_HS_RVT_TT_1P20_25C_BASIC'
Loading new version of design 'HSR_CLKBUF_0' into shared technology library 'IH55LP_HS_RVT_TT_1P20_25C_BASIC'
Loading new version of design 'HSR_CLKBUF_1' into shared technology library 'IH55LP_HS_RVT_TT_1P20_25C_BASIC'
Loading new version of design 'HSR_CLKBUF_12' into shared technology library 'IH55LP_HS_RVT_TT_1P20_25C_BASIC'
Loading new version of design 'HSR_CLKBUF_16' into shared technology library 'IH55LP_HS_RVT_TT_1P20_25C_BASIC'
Loading new version of design 'HSR_CLKBUF_2' into shared technology library 'IH55LP_HS_RVT_TT_1P20_25C_BASIC'
Loading new version of design 'HSR_CLKBUF_20' into shared technology library 'IH55LP_HS_RVT_TT_1P20_25C_BASIC'
Loading new version of design 'HSR_CLKBUF_24' into shared technology library 'IH55LP_HS_RVT_TT_1P20_25C_BASIC'
Loading new version of design 'HSR_CLKBUF_3' into shared technology library 'IH55LP_HS_RVT_TT_1P20_25C_BASIC'
Loading new version of design 'HSR_CLKBUF_32' into shared technology library 'IH55LP_HS_RVT_TT_1P20_25C_BASIC'
Loading new version of design 'HSR_CLKBUF_4' into shared technology library 'IH55LP_HS_RVT_TT_1P20_25C_BASIC'
Loading new version of design 'HSR_CLKBUF_6' into shared technology library 'IH55LP_HS_RVT_TT_1P20_25C_BASIC'
Loading new version of design 'HSR_CLKBUF_8' into shared technology library 'IH55LP_HS_RVT_TT_1P20_25C_BASIC'
Loading new version of design 'HSR_CLKN_0' into shared technology library 'IH55LP_HS_RVT_TT_1P20_25C_BASIC'
Loading new version of design 'HSR_CLKN_1' into shared technology library 'IH55LP_HS_RVT_TT_1P20_25C_BASIC'
Loading new version of design 'HSR_CLKN_12' into shared technology library 'IH55LP_HS_RVT_TT_1P20_25C_BASIC'
Loading new version of design 'HSR_CLKN_16' into shared technology library 'IH55LP_HS_RVT_TT_1P20_25C_BASIC'
Loading new version of design 'HSR_CLKN_2' into shared technology library 'IH55LP_HS_RVT_TT_1P20_25C_BASIC'
Loading new version of design 'HSR_CLKN_20' into shared technology library 'IH55LP_HS_RVT_TT_1P20_25C_BASIC'
Loading new version of design 'HSR_CLKN_24' into shared technology library 'IH55LP_HS_RVT_TT_1P20_25C_BASIC'
Loading new version of design 'HSR_CLKN_3' into shared technology library 'IH55LP_HS_RVT_TT_1P20_25C_BASIC'
Loading new version of design 'HSR_CLKN_32' into shared technology library 'IH55LP_HS_RVT_TT_1P20_25C_BASIC'
Loading new version of design 'HSR_CLKN_4' into shared technology library 'IH55LP_HS_RVT_TT_1P20_25C_BASIC'
Loading new version of design 'HSR_CLKN_6' into shared technology library 'IH55LP_HS_RVT_TT_1P20_25C_BASIC'
Loading new version of design 'HSR_CLKN_8' into shared technology library 'IH55LP_HS_RVT_TT_1P20_25C_BASIC'
Loading new version of design 'HSR_DEL_16' into shared technology library 'IH55LP_HS_RVT_TT_1P20_25C_BASIC'
Loading new version of design 'HSR_DEL_2' into shared technology library 'IH55LP_HS_RVT_TT_1P20_25C_BASIC'
Loading new version of design 'HSR_DEL_24' into shared technology library 'IH55LP_HS_RVT_TT_1P20_25C_BASIC'
Loading new version of design 'HSR_DEL_4' into shared technology library 'IH55LP_HS_RVT_TT_1P20_25C_BASIC'
Loading new version of design 'HSR_DEL_8' into shared technology library 'IH55LP_HS_RVT_TT_1P20_25C_BASIC'
Loading new version of design 'HSR_IN_0' into shared technology library 'IH55LP_HS_RVT_TT_1P20_25C_BASIC'
Loading new version of design 'HSR_IN_1' into shared technology library 'IH55LP_HS_RVT_TT_1P20_25C_BASIC'
Loading new version of design 'HSR_IN_12' into shared technology library 'IH55LP_HS_RVT_TT_1P20_25C_BASIC'
Loading new version of design 'HSR_IN_16' into shared technology library 'IH55LP_HS_RVT_TT_1P20_25C_BASIC'
Loading new version of design 'HSR_IN_2' into shared technology library 'IH55LP_HS_RVT_TT_1P20_25C_BASIC'
Loading new version of design 'HSR_IN_20' into shared technology library 'IH55LP_HS_RVT_TT_1P20_25C_BASIC'
Loading new version of design 'HSR_IN_24' into shared technology library 'IH55LP_HS_RVT_TT_1P20_25C_BASIC'
Loading new version of design 'HSR_IN_3' into shared technology library 'IH55LP_HS_RVT_TT_1P20_25C_BASIC'
Loading new version of design 'HSR_IN_32' into shared technology library 'IH55LP_HS_RVT_TT_1P20_25C_BASIC'
Loading new version of design 'HSR_IN_4' into shared technology library 'IH55LP_HS_RVT_TT_1P20_25C_BASIC'
Loading new version of design 'HSR_IN_6' into shared technology library 'IH55LP_HS_RVT_TT_1P20_25C_BASIC'
Loading new version of design 'HSR_IN_8' into shared technology library 'IH55LP_HS_RVT_TT_1P20_25C_BASIC'
Loading new version of design 'HSR_FDIODE_16' into shared technology library 'IH55LP_HS_RVT_TT_1P20_25C_BASIC'
Loading new version of design 'HSR_FDIODE_2' into shared technology library 'IH55LP_HS_RVT_TT_1P20_25C_BASIC'
Loading new version of design 'HSR_FDIODE_24' into shared technology library 'IH55LP_HS_RVT_TT_1P20_25C_BASIC'
Loading new version of design 'HSR_FDIODE_32' into shared technology library 'IH55LP_HS_RVT_TT_1P20_25C_BASIC'
Loading new version of design 'HSR_FDIODE_4' into shared technology library 'IH55LP_HS_RVT_TT_1P20_25C_BASIC'
Loading new version of design 'HSR_FDIODE_8' into shared technology library 'IH55LP_HS_RVT_TT_1P20_25C_BASIC'
Loading new version of design 'HSR_PULL0_0' into shared technology library 'IH55LP_HS_RVT_TT_1P20_25C_BASIC'
Loading new version of design 'HSR_PULL1_0' into shared technology library 'IH55LP_HS_RVT_TT_1P20_25C_BASIC'
Loading new version of design 'HSR_FDCAP_16' into shared technology library 'IH55LP_HS_RVT_TT_1P20_25C_BASIC'
Loading new version of design 'HSR_FDCAP_32' into shared technology library 'IH55LP_HS_RVT_TT_1P20_25C_BASIC'
Loading new version of design 'HSR_FDCAP_4' into shared technology library 'IH55LP_HS_RVT_TT_1P20_25C_BASIC'
Loading new version of design 'HSR_FDCAP_64' into shared technology library 'IH55LP_HS_RVT_TT_1P20_25C_BASIC'
Loading new version of design 'HSR_FDCAP_8' into shared technology library 'IH55LP_HS_RVT_TT_1P20_25C_BASIC'
Setting top design to 'i:/WORK/MulAdd_top'
Status:  Implementing inferred operators...

************ Library Checking Summary ************
Warning:  2 unlinked power cell(s) with no power down functions on outputs.
Warning:  203 unlinked power cell(s) with no power down function on an ff or latch.
        Use 'report_libraries -defects all' for more details.
**************************************************

Top design successfully set to 'i:/WORK/MulAdd_top'
Implementation design set to 'i:/WORK/MulAdd_top'
Reference design is 'r:/WORK/MulAdd_top'
Implementation design is 'i:/WORK/MulAdd_top'
Status:  Checking designs...
    Warning: 0 (8704) undriven nets found in reference (implementation) design; see formality1.log for list (FM-399)
Status:  Building verification models...
Status:  Processing Guide Commands...
.
    Info:  Constant registers have been identified that were initialized by some objects that were assumed to toggle.
           For more info use commands: report_potentially_constant_registers  and report_init_toggle_objects

***************************** Guidance Summary *****************************
                                         Status
Command                 Accepted   Rejected  Unsupported  Unprocessed  Total
----------------------------------------------------------------------------
architecture_netlist:          1          0          0          0          1
boundary_netlist    :          1          0          0          0          1
constraints         :        256          0          0          0        256
environment         :          7          0          0          0          7
multiplier          :        256          0          0          0        256
transformation
   map              :        267          0          0          0        267
uniquify            :        518        256          0          0        774
ununiquify          :          1          0          0          0          1

Note: If verification succeeds you can safely ignore unaccepted guidance commands.

SVF files read:
      ../dc_workspace/dc_output/MulAdd_top_pre.svf

SVF files produced:
  /home/user001/Desktop/FinalProject/fm_workspace/formality1_svf/
    svf.txt
****************************************************************************

Status:  Matching...
    
*********************************** Matching Results ***********************************    
 44639 Compare points matched by name    
 0 Compare points matched by signature analysis    
 0 Compare points matched by topology    
 36 Matched primary inputs, black-box outputs    
 265(0) Unmatched reference(implementation) compare points    
 0(0) Unmatched reference(implementation) primary inputs, black-box outputs    
----------------------------------------------------------------------------------------    
Unmatched Objects                                                        REF        IMPL    
----------------------------------------------------------------------------------------    
 Registers                                                               265           0    
   DFF                                                                   265           0    
****************************************************************************************

Reference design is 'r:/WORK/MulAdd_top'
Implementation design is 'i:/WORK/MulAdd_top'
    
*********************************** Matching Results ***********************************    
 44639 Compare points matched by name    
 0 Compare points matched by signature analysis    
 0 Compare points matched by topology    
 36 Matched primary inputs, black-box outputs    
 265(0) Unmatched reference(implementation) compare points    
 0(0) Unmatched reference(implementation) primary inputs, black-box outputs    
----------------------------------------------------------------------------------------    
Unmatched Objects                                                        REF        IMPL    
----------------------------------------------------------------------------------------    
 Registers                                                               265           0    
   DFF                                                                   265           0    
****************************************************************************************

Status:  Verifying...
....... 0F/0A/44639P/0U (100% Verification completed) 05/15/23 13:13 2566MB/ 633sec (35.9 hrs until timeout)


********************************* Verification Results *********************************
Verification SUCCEEDED
----------------------
 Reference design: r:/WORK/MulAdd_top
 Implementation design: i:/WORK/MulAdd_top
 44639 Passing compare points
----------------------------------------------------------------------------------------
Matched Compare Points     BBPin    Loop   BBNet     Cut    Port     DFF     LAT   TOTAL
----------------------------------------------------------------------------------------
Passing (equivalent)           0       0       0       0      33   44606       0   44639
Failing (not equivalent)       0       0       0       0       0       0       0       0
****************************************************************************************
1
fm_shell (verify)> 